20.05.13 23:59:01 select * from GET_CMD(0, 3,'20.5.2013  0:0:0.0' )
20.05.13 23:59:24 OnTimer: ;
21.05.13 0:00:39 select * from GET_CMD(0, 3,'21.5.2013  0:0:0.0' )
21.05.13 0:00:42 OnTimer: ;
21.05.13 0:00:43 0:00:00
21.05.13 0:01:20 select * from GET_CMD(0, 3,'21.5.2013  0:0:0.0' )
21.05.13 0:01:20 OnTimer: ;
21.05.13 0:01:20 0:00:00
21.05.13 0:01:20 select * from GET_CMD(0, 3,'21.5.2013  0:0:0.0' )
21.05.13 0:01:20 OnTimer: ;
21.05.13 0:01:20 0:00:00
21.05.13 0:01:21 select * from GET_CMD(0, 3,'21.5.2013  0:0:0.0' )
21.05.13 0:01:21 OnTimer: ;
21.05.13 0:01:21 0:00:00
21.05.13 0:01:25 select * from GET_CMD(0, 3,'21.5.2013  0:0:0.0' )
21.05.13 0:01:25 OnTimer: ;
21.05.13 0:01:25 0:00:00
21.05.13 0:01:30 select * from GET_CMD(0, 3,'21.5.2013  0:0:0.0' )
21.05.13 0:01:30 OnTimer: ;
21.05.13 0:01:30 0:00:00
21.05.13 0:01:34 select * from GET_CMD(0, 3,'21.5.2013  0:0:0.0' )
21.05.13 0:01:34 OnTimer: ;
21.05.13 0:01:34 0:00:00
21.05.13 0:01:39 select * from GET_CMD(0, 3,'21.5.2013  0:0:0.0' )
21.05.13 0:01:39 OnTimer: ;
21.05.13 0:01:39 0:00:00
21.05.13 0:01:43 select * from GET_CMD(0, 3,'21.5.2013  0:0:0.0' )
21.05.13 0:01:43 OnTimer: ;
21.05.13 0:01:43 0:00:00
21.05.13 0:01:48 select * from GET_CMD(0, 3,'21.5.2013  0:0:0.0' )
21.05.13 0:01:48 OnTimer: ;
21.05.13 0:01:48 0:00:00
21.05.13 0:01:52 select * from GET_CMD(0, 3,'21.5.2013  0:0:0.0' )
21.05.13 0:01:52 OnTimer: ;
21.05.13 0:01:52 0:00:00
21.05.13 0:01:57 select * from GET_CMD(0, 3,'21.5.2013  0:0:0.0' )
21.05.13 0:01:57 OnTimer: ;
21.05.13 0:01:57 0:00:00
21.05.13 0:02:01 select * from GET_CMD(0, 3,'21.5.2013  0:0:0.0' )
21.05.13 0:02:01 OnTimer: ;
21.05.13 0:02:01 0:00:00
21.05.13 0:02:06 select * from GET_CMD(0, 3,'21.5.2013  0:0:0.0' )
21.05.13 0:02:06 OnTimer: ;
21.05.13 0:02:06 0:00:00
21.05.13 0:02:10 select * from GET_CMD(0, 3,'21.5.2013  0:0:0.0' )
21.05.13 0:02:10 OnTimer: ;
21.05.13 0:02:10 0:00:00
21.05.13 0:02:15 select * from GET_CMD(0, 3,'21.5.2013  0:0:0.0' )
21.05.13 0:02:15 OnTimer: ;
21.05.13 0:02:15 0:00:00
21.05.13 0:02:19 select * from GET_CMD(0, 3,'21.5.2013  0:0:0.0' )
21.05.13 0:02:19 OnTimer: ;
21.05.13 0:02:19 0:00:00
21.05.13 0:02:24 select * from GET_CMD(0, 3,'21.5.2013  0:0:0.0' )
21.05.13 0:02:24 OnTimer: ;
21.05.13 0:02:24 0:00:00
21.05.13 0:02:28 select * from GET_CMD(0, 3,'21.5.2013  0:0:0.0' )
21.05.13 0:02:28 OnTimer: ;
21.05.13 0:02:28 0:00:00
21.05.13 0:02:33 select * from GET_CMD(0, 3,'21.5.2013  0:0:0.0' )
21.05.13 0:02:33 OnTimer: ;
21.05.13 0:02:33 0:00:00
21.05.13 0:02:37 select * from GET_CMD(0, 3,'21.5.2013  0:0:0.0' )
21.05.13 0:02:37 OnTimer: ;
21.05.13 0:02:37 0:00:00
21.05.13 0:02:42 select * from GET_CMD(0, 3,'21.5.2013  0:0:0.0' )
21.05.13 0:02:42 OnTimer: ;
21.05.13 0:02:42 0:00:00
21.05.13 0:02:46 select * from GET_CMD(0, 3,'21.5.2013  0:0:0.0' )
21.05.13 0:02:46 OnTimer: ;
21.05.13 0:02:46 0:00:00
21.05.13 0:02:51 select * from GET_CMD(0, 3,'21.5.2013  0:0:0.0' )
21.05.13 0:02:51 OnTimer: ;
21.05.13 0:02:51 0:00:00
21.05.13 0:02:55 select * from GET_CMD(0, 3,'21.5.2013  0:0:0.0' )
21.05.13 0:02:55 OnTimer: ;
21.05.13 0:02:55 0:00:00
21.05.13 0:03:00 select * from GET_CMD(0, 3,'21.5.2013  0:0:0.0' )
21.05.13 0:03:00 OnTimer: ;
21.05.13 0:03:00 0:00:00
21.05.13 0:03:04 select * from GET_CMD(0, 3,'21.5.2013  0:0:0.0' )
21.05.13 0:03:04 OnTimer: ;
21.05.13 0:03:04 0:00:00
21.05.13 0:03:09 select * from GET_CMD(0, 3,'21.5.2013  0:0:0.0' )
21.05.13 0:03:09 OnTimer: ;
21.05.13 0:03:09 0:00:00
21.05.13 0:03:13 select * from GET_CMD(0, 3,'21.5.2013  0:0:0.0' )
21.05.13 0:03:13 OnTimer: ;
21.05.13 0:03:13 0:00:00
21.05.13 0:03:18 select * from GET_CMD(0, 3,'21.5.2013  0:0:0.0' )
21.05.13 0:03:18 OnTimer: ;
21.05.13 0:03:18 0:00:00
21.05.13 0:03:22 select * from GET_CMD(0, 3,'21.5.2013  0:0:0.0' )
21.05.13 0:03:22 OnTimer: ;
21.05.13 0:03:22 0:00:00
21.05.13 0:03:27 select * from GET_CMD(0, 3,'21.5.2013  0:0:0.0' )
21.05.13 0:03:27 OnTimer: ;
21.05.13 0:03:27 0:00:00
21.05.13 0:03:32 select * from GET_CMD(0, 3,'21.5.2013  0:0:0.0' )
21.05.13 0:03:32 OnTimer: ;
21.05.13 0:03:32 0:00:00
21.05.13 0:03:36 select * from GET_CMD(0, 3,'21.5.2013  0:0:0.0' )
21.05.13 0:03:36 OnTimer: ;
21.05.13 0:03:36 0:00:00
21.05.13 0:03:40 select * from GET_CMD(0, 3,'21.5.2013  0:0:0.0' )
21.05.13 0:03:40 OnTimer: ;
21.05.13 0:03:40 0:00:00
21.05.13 0:03:45 select * from GET_CMD(0, 3,'21.5.2013  0:0:0.0' )
21.05.13 0:03:45 OnTimer: ;
21.05.13 0:03:45 0:00:00
21.05.13 0:03:49 select * from GET_CMD(0, 3,'21.5.2013  0:0:0.0' )
21.05.13 0:03:49 OnTimer: ;
21.05.13 0:03:49 0:00:00
21.05.13 0:03:54 select * from GET_CMD(0, 3,'21.5.2013  0:0:0.0' )
21.05.13 0:03:54 OnTimer: ;
21.05.13 0:03:54 0:00:00
21.05.13 0:03:58 select * from GET_CMD(0, 3,'21.5.2013  0:0:0.0' )
21.05.13 0:03:58 OnTimer: ;
21.05.13 0:03:58 0:00:00
21.05.13 0:04:03 select * from GET_CMD(0, 3,'21.5.2013  0:0:0.0' )
21.05.13 0:04:03 OnTimer: ;
21.05.13 0:04:03 0:00:00
21.05.13 0:04:07 select * from GET_CMD(0, 3,'21.5.2013  0:0:0.0' )
21.05.13 0:04:07 OnTimer: ;
21.05.13 0:04:07 0:00:00
21.05.13 0:04:12 select * from GET_CMD(0, 3,'21.5.2013  0:0:0.0' )
21.05.13 0:04:12 OnTimer: ;
21.05.13 0:04:12 0:00:00
21.05.13 0:04:16 select * from GET_CMD(0, 3,'21.5.2013  0:0:0.0' )
21.05.13 0:04:16 OnTimer: 21.05.2013 0:00:32; ReloadOut;97;13;squat
21.05.13 0:04:16 0:00:00
21.05.13 0:04:38 select * from GET_CMD(0, 3,'21.5.2013  0:0:0.0' )
21.05.13 0:04:38 OnTimer: 21.05.2013 0:00:36; ReloadOut;97;13;squat
21.05.13 0:04:38 0:00:32
21.05.13 0:04:43 Connected
21.05.13 0:04:43 select * from GET_CMD(0, 3,'21.5.2013  0:0:0.0' )
21.05.13 0:04:43 OnTimer: 21.05.2013 0:00:36; ReloadOut;97;13;squat
21.05.13 0:04:43 0:00:36
21.05.13 0:04:43 select * from GET_CMD(0, 3,'21.5.2013  0:0:0.0' )
21.05.13 0:04:43 OnTimer: 21.05.2013 0:00:36; ReloadOut;97;13;squat
21.05.13 0:04:43 0:00:36
21.05.13 0:04:48 select * from GET_CMD(0, 3,'21.5.2013  0:0:0.0' )
21.05.13 0:04:48 OnTimer: 21.05.2013 0:00:36; ReloadOut;97;13;squat
21.05.13 0:04:48 0:00:36
21.05.13 0:04:52 select * from GET_CMD(0, 3,'21.5.2013  0:0:0.0' )
21.05.13 0:04:53 OnTimer: 21.05.2013 0:00:36; ReloadOut;97;13;squat
21.05.13 0:04:53 0:00:36
21.05.13 0:04:57 select * from GET_CMD(0, 3,'21.5.2013  0:0:0.0' )
21.05.13 0:04:57 OnTimer: 21.05.2013 0:00:36; ReloadOut;97;13;squat
21.05.13 0:04:57 0:00:36
21.05.13 0:05:01 select * from GET_CMD(0, 3,'21.5.2013  0:0:0.0' )
21.05.13 0:05:02 OnTimer: 21.05.2013 0:00:36; ReloadOut;97;13;squat
21.05.13 0:05:02 0:00:36
21.05.13 0:05:06 select * from GET_CMD(0, 3,'21.5.2013  0:0:0.0' )
21.05.13 0:05:06 OnTimer: 21.05.2013 0:00:36; ReloadOut;97;13;squat
21.05.13 0:05:06 0:00:36
21.05.13 0:05:11 select * from GET_CMD(0, 3,'21.5.2013  0:0:0.0' )
21.05.13 0:05:11 OnTimer: 21.05.2013 0:00:36; ReloadOut;97;13;squat
21.05.13 0:05:11 0:00:36
21.05.13 0:05:15 select * from GET_CMD(0, 3,'21.5.2013  0:0:0.0' )
21.05.13 0:05:15 OnTimer: 21.05.2013 0:00:36; ReloadOut;97;13;squat
21.05.13 0:05:15 0:00:36
21.05.13 0:05:20 select * from GET_CMD(0, 3,'21.5.2013  0:0:0.0' )
21.05.13 0:05:20 OnTimer: 21.05.2013 0:00:36; ReloadOut;97;13;squat
21.05.13 0:05:20 0:00:36
21.05.13 0:05:24 select * from GET_CMD(0, 3,'21.5.2013  0:0:0.0' )
21.05.13 0:05:24 OnTimer: 21.05.2013 0:00:36; ReloadOut;97;13;squat
21.05.13 0:05:24 0:00:36
21.05.13 0:05:29 select * from GET_CMD(0, 3,'21.5.2013  0:0:0.0' )
21.05.13 0:05:29 OnTimer: 21.05.2013 0:00:36; ReloadOut;97;13;squat
21.05.13 0:05:29 0:00:36
21.05.13 0:05:33 select * from GET_CMD(0, 3,'21.5.2013  0:0:0.0' )
21.05.13 0:05:33 OnTimer: 21.05.2013 0:00:36; ReloadOut;97;13;squat
21.05.13 0:05:33 0:00:36
21.05.13 0:05:38 select * from GET_CMD(0, 3,'21.5.2013  0:0:0.0' )
21.05.13 0:05:38 OnTimer: 21.05.2013 0:00:36; ReloadOut;97;13;squat
21.05.13 0:05:38 0:00:36
21.05.13 0:05:42 select * from GET_CMD(0, 3,'21.5.2013  0:0:0.0' )
21.05.13 0:05:42 OnTimer: 21.05.2013 0:00:36; ReloadOut;97;13;squat
21.05.13 0:05:42 0:00:36
21.05.13 0:05:47 select * from GET_CMD(0, 3,'21.5.2013  0:0:0.0' )
21.05.13 0:05:47 OnTimer: 21.05.2013 0:00:36; ReloadOut;97;13;squat
21.05.13 0:05:47 0:00:36
21.05.13 0:05:51 select * from GET_CMD(0, 3,'21.5.2013  0:0:0.0' )
21.05.13 0:05:51 OnTimer: 21.05.2013 0:00:36; ReloadOut;97;13;squat
21.05.13 0:05:51 0:00:36
21.05.13 0:05:56 select * from GET_CMD(0, 3,'21.5.2013  0:0:0.0' )
21.05.13 0:05:56 OnTimer: 21.05.2013 0:00:36; ReloadOut;97;13;squat
21.05.13 0:05:56 0:00:36
21.05.13 0:06:00 select * from GET_CMD(0, 3,'21.5.2013  0:0:0.0' )
21.05.13 0:06:00 OnTimer: 21.05.2013 0:00:36; ReloadOut;97;13;squat
21.05.13 0:06:00 0:00:36
21.05.13 0:06:05 select * from GET_CMD(0, 3,'21.5.2013  0:0:0.0' )
21.05.13 0:06:05 OnTimer: 21.05.2013 0:00:36; ReloadOut;97;13;squat
21.05.13 0:06:05 0:00:36
21.05.13 0:06:09 select * from GET_CMD(0, 3,'21.5.2013  0:0:0.0' )
21.05.13 0:06:09 OnTimer: 21.05.2013 0:01:46; ReloadOut;97;13;squat
21.05.13 0:06:09 0:00:36
21.05.13 0:06:09 Connected
21.05.13 0:06:14 select * from GET_CMD(0, 3,'21.5.2013  0:0:0.0' )
21.05.13 0:06:14 OnTimer: 21.05.2013 0:01:46; ReloadOut;97;13;squat
21.05.13 0:06:14 0:01:46
21.05.13 0:06:18 select * from GET_CMD(0, 3,'21.5.2013  0:0:0.0' )
21.05.13 0:06:18 OnTimer: 21.05.2013 0:01:46; ReloadOut;97;13;squat
21.05.13 0:06:18 0:01:46
21.05.13 0:06:23 select * from GET_CMD(0, 3,'21.5.2013  0:0:0.0' )
21.05.13 0:06:23 OnTimer: 21.05.2013 0:01:46; ReloadOut;97;13;squat
21.05.13 0:06:23 0:01:46
21.05.13 0:06:27 select * from GET_CMD(0, 3,'21.5.2013  0:0:0.0' )
21.05.13 0:06:27 OnTimer: 21.05.2013 0:01:46; ReloadOut;97;13;squat
21.05.13 0:06:27 0:01:46
21.05.13 0:06:32 select * from GET_CMD(0, 3,'21.5.2013  0:0:0.0' )
21.05.13 0:06:32 OnTimer: 21.05.2013 0:01:46; ReloadOut;97;13;squat
21.05.13 0:06:32 0:01:46
21.05.13 0:06:36 select * from GET_CMD(0, 3,'21.5.2013  0:0:0.0' )
21.05.13 0:06:36 OnTimer: 21.05.2013 0:01:46; ReloadOut;97;13;squat
21.05.13 0:06:36 0:01:46
21.05.13 0:06:41 select * from GET_CMD(0, 3,'21.5.2013  0:0:0.0' )
21.05.13 0:06:41 OnTimer: 21.05.2013 0:01:46; ReloadOut;97;13;squat
21.05.13 0:06:41 0:01:46
21.05.13 0:06:45 select * from GET_CMD(0, 3,'21.5.2013  0:0:0.0' )
21.05.13 0:06:45 OnTimer: 21.05.2013 0:01:46; ReloadOut;97;13;squat
21.05.13 0:06:45 0:01:46
21.05.13 0:06:50 select * from GET_CMD(0, 3,'21.5.2013  0:0:0.0' )
21.05.13 0:06:50 OnTimer: 21.05.2013 0:01:46; ReloadOut;97;13;squat
21.05.13 0:06:50 0:01:46
21.05.13 0:06:54 select * from GET_CMD(0, 3,'21.5.2013  0:0:0.0' )
21.05.13 0:06:54 OnTimer: 21.05.2013 0:01:46; ReloadOut;97;13;squat
21.05.13 0:06:54 0:01:46
21.05.13 0:06:59 select * from GET_CMD(0, 3,'21.5.2013  0:0:0.0' )
21.05.13 0:06:59 OnTimer: 21.05.2013 0:01:46; ReloadOut;97;13;squat
21.05.13 0:06:59 0:01:46
21.05.13 0:07:03 select * from GET_CMD(0, 3,'21.5.2013  0:0:0.0' )
21.05.13 0:07:03 OnTimer: 21.05.2013 0:01:46; ReloadOut;97;13;squat
21.05.13 0:07:03 0:01:46
21.05.13 0:07:08 select * from GET_CMD(0, 3,'21.5.2013  0:0:0.0' )
21.05.13 0:07:08 OnTimer: 21.05.2013 0:01:46; ReloadOut;97;13;squat
21.05.13 0:07:08 0:01:46
21.05.13 0:07:12 select * from GET_CMD(0, 3,'21.5.2013  0:0:0.0' )
21.05.13 0:07:12 OnTimer: 21.05.2013 0:01:46; ReloadOut;97;13;squat
21.05.13 0:07:12 0:01:46
21.05.13 0:07:17 select * from GET_CMD(0, 3,'21.5.2013  0:0:0.0' )
21.05.13 0:07:17 OnTimer: 21.05.2013 0:01:46; ReloadOut;97;13;squat
21.05.13 0:07:17 0:01:46
21.05.13 0:07:21 select * from GET_CMD(0, 3,'21.5.2013  0:0:0.0' )
21.05.13 0:07:21 OnTimer: 21.05.2013 0:01:46; ReloadOut;97;13;squat
21.05.13 0:07:21 0:01:46
21.05.13 0:07:26 select * from GET_CMD(0, 3,'21.5.2013  0:0:0.0' )
21.05.13 0:07:26 OnTimer: 21.05.2013 0:01:46; ReloadOut;97;13;squat
21.05.13 0:07:26 0:01:46
21.05.13 0:07:30 select * from GET_CMD(0, 3,'21.5.2013  0:0:0.0' )
21.05.13 0:07:30 OnTimer: 21.05.2013 0:01:46; ReloadOut;97;13;squat
21.05.13 0:07:30 0:01:46
21.05.13 0:07:35 select * from GET_CMD(0, 3,'21.5.2013  0:0:0.0' )
21.05.13 0:07:35 OnTimer: 21.05.2013 0:01:46; ReloadOut;97;13;squat
21.05.13 0:07:35 0:01:46
21.05.13 0:07:39 select * from GET_CMD(0, 3,'21.5.2013  0:0:0.0' )
21.05.13 0:07:39 OnTimer: 21.05.2013 0:01:46; ReloadOut;97;13;squat
21.05.13 0:07:39 0:01:46
21.05.13 0:07:44 select * from GET_CMD(0, 3,'21.5.2013  0:0:0.0' )
21.05.13 0:07:44 OnTimer: 21.05.2013 0:01:46; ReloadOut;97;13;squat
21.05.13 0:07:44 0:01:46
21.05.13 0:07:48 select * from GET_CMD(0, 3,'21.5.2013  0:0:0.0' )
21.05.13 0:07:48 OnTimer: 21.05.2013 0:01:46; ReloadOut;97;13;squat
21.05.13 0:07:48 0:01:46
21.05.13 0:07:53 select * from GET_CMD(0, 3,'21.5.2013  0:0:0.0' )
21.05.13 0:07:53 OnTimer: 21.05.2013 0:01:46; ReloadOut;97;13;squat
21.05.13 0:07:53 0:01:46
21.05.13 0:07:57 select * from GET_CMD(0, 3,'21.5.2013  0:0:0.0' )
21.05.13 0:07:57 OnTimer: 21.05.2013 0:01:46; ReloadOut;97;13;squat
21.05.13 0:07:57 0:01:46
21.05.13 0:08:02 select * from GET_CMD(0, 3,'21.5.2013  0:0:0.0' )
21.05.13 0:08:02 OnTimer: 21.05.2013 0:01:46; ReloadOut;97;13;squat
21.05.13 0:08:02 0:01:46
21.05.13 0:08:06 select * from GET_CMD(0, 3,'21.5.2013  0:0:0.0' )
21.05.13 0:08:06 OnTimer: 21.05.2013 0:01:46; ReloadOut;97;13;squat
21.05.13 0:08:06 0:01:46
21.05.13 0:08:11 select * from GET_CMD(0, 3,'21.5.2013  0:0:0.0' )
21.05.13 0:08:11 OnTimer: 21.05.2013 0:01:46; ReloadOut;97;13;squat
21.05.13 0:08:11 0:01:46
21.05.13 0:08:15 select * from GET_CMD(0, 3,'21.5.2013  0:0:0.0' )
21.05.13 0:08:15 OnTimer: 21.05.2013 0:01:46; ReloadOut;97;13;squat
21.05.13 0:08:15 0:01:46
21.05.13 0:08:20 select * from GET_CMD(0, 3,'21.5.2013  0:0:0.0' )
21.05.13 0:08:20 OnTimer: 21.05.2013 0:01:46; ReloadOut;97;13;squat
21.05.13 0:08:20 0:01:46
21.05.13 0:08:24 select * from GET_CMD(0, 3,'21.5.2013  0:0:0.0' )
21.05.13 0:08:24 OnTimer: 21.05.2013 0:01:46; ReloadOut;97;13;squat
21.05.13 0:08:24 0:01:46
21.05.13 0:08:29 select * from GET_CMD(0, 3,'21.5.2013  0:0:0.0' )
21.05.13 0:08:29 OnTimer: 21.05.2013 0:01:46; ReloadOut;97;13;squat
21.05.13 0:08:29 0:01:46
21.05.13 0:08:33 select * from GET_CMD(0, 3,'21.5.2013  0:0:0.0' )
21.05.13 0:08:33 OnTimer: 21.05.2013 0:01:46; ReloadOut;97;13;squat
21.05.13 0:08:33 0:01:46
21.05.13 0:08:38 select * from GET_CMD(0, 3,'21.5.2013  0:0:0.0' )
21.05.13 0:08:38 OnTimer: 21.05.2013 0:01:46; ReloadOut;97;13;squat
21.05.13 0:08:38 0:01:46
21.05.13 0:08:42 select * from GET_CMD(0, 3,'21.5.2013  0:0:0.0' )
21.05.13 0:08:42 OnTimer: 21.05.2013 0:01:46; ReloadOut;97;13;squat
21.05.13 0:08:42 0:01:46
21.05.13 0:08:47 select * from GET_CMD(0, 3,'21.5.2013  0:0:0.0' )
21.05.13 0:08:47 OnTimer: 21.05.2013 0:01:46; ReloadOut;97;13;squat
21.05.13 0:08:47 0:01:46
21.05.13 0:08:51 select * from GET_CMD(0, 3,'21.5.2013  0:0:0.0' )
21.05.13 0:08:51 OnTimer: 21.05.2013 0:01:46; ReloadOut;97;13;squat
21.05.13 0:08:51 0:01:46
21.05.13 0:08:56 select * from GET_CMD(0, 3,'21.5.2013  0:0:0.0' )
21.05.13 0:08:56 OnTimer: 21.05.2013 0:01:46; ReloadOut;97;13;squat
21.05.13 0:08:56 0:01:46
21.05.13 0:09:00 select * from GET_CMD(0, 3,'21.5.2013  0:0:0.0' )
21.05.13 0:09:00 OnTimer: 21.05.2013 0:01:46; ReloadOut;97;13;squat
21.05.13 0:09:00 0:01:46
21.05.13 0:09:05 select * from GET_CMD(0, 3,'21.5.2013  0:0:0.0' )
21.05.13 0:09:05 OnTimer: 21.05.2013 0:01:46; ReloadOut;97;13;squat
21.05.13 0:09:05 0:01:46
21.05.13 0:09:09 select * from GET_CMD(0, 3,'21.5.2013  0:0:0.0' )
21.05.13 0:09:09 OnTimer: 21.05.2013 0:01:46; ReloadOut;97;13;squat
21.05.13 0:09:09 0:01:46
21.05.13 0:09:14 select * from GET_CMD(0, 3,'21.5.2013  0:0:0.0' )
21.05.13 0:09:14 OnTimer: 21.05.2013 0:01:46; ReloadOut;97;13;squat
21.05.13 0:09:14 0:01:46
21.05.13 0:09:18 select * from GET_CMD(0, 3,'21.5.2013  0:0:0.0' )
21.05.13 0:09:18 OnTimer: 21.05.2013 0:01:46; ReloadOut;97;13;squat
21.05.13 0:09:18 0:01:46
21.05.13 0:09:23 select * from GET_CMD(0, 3,'21.5.2013  0:0:0.0' )
21.05.13 0:09:23 OnTimer: 21.05.2013 0:01:46; ReloadOut;97;13;squat
21.05.13 0:09:23 0:01:46
21.05.13 0:09:27 select * from GET_CMD(0, 3,'21.5.2013  0:0:0.0' )
21.05.13 0:09:27 OnTimer: 21.05.2013 0:01:46; ReloadOut;97;13;squat
21.05.13 0:09:27 0:01:46
21.05.13 0:09:32 select * from GET_CMD(0, 3,'21.5.2013  0:0:0.0' )
21.05.13 0:09:32 OnTimer: 21.05.2013 0:01:46; ReloadOut;97;13;squat
21.05.13 0:09:32 0:01:46
21.05.13 0:09:36 select * from GET_CMD(0, 3,'21.5.2013  0:0:0.0' )
21.05.13 0:09:36 OnTimer: 21.05.2013 0:01:46; ReloadOut;97;13;squat
21.05.13 0:09:36 0:01:46
21.05.13 0:09:41 select * from GET_CMD(0, 3,'21.5.2013  0:0:0.0' )
21.05.13 0:09:41 OnTimer: 21.05.2013 0:01:46; ReloadOut;97;13;squat
21.05.13 0:09:41 0:01:46
21.05.13 0:09:45 select * from GET_CMD(0, 3,'21.5.2013  0:0:0.0' )
21.05.13 0:09:45 OnTimer: 21.05.2013 0:01:46; ReloadOut;97;13;squat
21.05.13 0:09:45 0:01:46
21.05.13 0:09:50 select * from GET_CMD(0, 3,'21.5.2013  0:0:0.0' )
21.05.13 0:09:50 OnTimer: 21.05.2013 0:01:46; ReloadOut;97;13;squat
21.05.13 0:09:50 0:01:46
21.05.13 0:09:54 select * from GET_CMD(0, 3,'21.5.2013  0:0:0.0' )
21.05.13 0:09:54 OnTimer: 21.05.2013 0:01:46; ReloadOut;97;13;squat
21.05.13 0:09:54 0:01:46
21.05.13 0:09:59 select * from GET_CMD(0, 3,'21.5.2013  0:0:0.0' )
21.05.13 0:09:59 OnTimer: 21.05.2013 0:01:46; ReloadOut;97;13;squat
21.05.13 0:09:59 0:01:46
21.05.13 0:10:03 select * from GET_CMD(0, 3,'21.5.2013  0:0:0.0' )
21.05.13 0:10:03 OnTimer: 21.05.2013 0:01:46; ReloadOut;97;13;squat
21.05.13 0:10:03 0:01:46
21.05.13 0:10:08 select * from GET_CMD(0, 3,'21.5.2013  0:0:0.0' )
21.05.13 0:10:08 OnTimer: 21.05.2013 0:01:46; ReloadOut;97;13;squat
21.05.13 0:10:08 0:01:46
21.05.13 0:10:12 select * from GET_CMD(0, 3,'21.5.2013  0:0:0.0' )
21.05.13 0:10:12 OnTimer: 21.05.2013 0:01:46; ReloadOut;97;13;squat
21.05.13 0:10:12 0:01:46
21.05.13 0:10:17 select * from GET_CMD(0, 3,'21.5.2013  0:0:0.0' )
21.05.13 0:10:17 OnTimer: 21.05.2013 0:01:46; ReloadOut;97;13;squat
21.05.13 0:10:17 0:01:46
21.05.13 0:10:21 select * from GET_CMD(0, 3,'21.5.2013  0:0:0.0' )
21.05.13 0:10:21 OnTimer: 21.05.2013 0:01:46; ReloadOut;97;13;squat
21.05.13 0:10:21 0:01:46
21.05.13 0:10:26 select * from GET_CMD(0, 3,'21.5.2013  0:0:0.0' )
21.05.13 0:10:26 OnTimer: 21.05.2013 0:01:46; ReloadOut;97;13;squat
21.05.13 0:10:26 0:01:46
21.05.13 0:10:30 select * from GET_CMD(0, 3,'21.5.2013  0:0:0.0' )
21.05.13 0:10:30 OnTimer: 21.05.2013 0:01:46; ReloadOut;97;13;squat
21.05.13 0:10:30 0:01:46
21.05.13 0:10:35 select * from GET_CMD(0, 3,'21.5.2013  0:0:0.0' )
21.05.13 0:10:35 OnTimer: 21.05.2013 0:01:46; ReloadOut;97;13;squat
21.05.13 0:10:35 0:01:46
21.05.13 0:10:39 select * from GET_CMD(0, 3,'21.5.2013  0:0:0.0' )
21.05.13 0:10:40 OnTimer: 21.05.2013 0:01:46; ReloadOut;97;13;squat
21.05.13 0:10:40 0:01:46
21.05.13 0:10:44 select * from GET_CMD(0, 3,'21.5.2013  0:0:0.0' )
21.05.13 0:10:44 OnTimer: 21.05.2013 0:01:46; ReloadOut;97;13;squat
21.05.13 0:10:44 0:01:46
21.05.13 0:10:48 select * from GET_CMD(0, 3,'21.5.2013  0:0:0.0' )
21.05.13 0:10:49 OnTimer: 21.05.2013 0:01:46; ReloadOut;97;13;squat
21.05.13 0:10:49 0:01:46
21.05.13 0:10:53 select * from GET_CMD(0, 3,'21.5.2013  0:0:0.0' )
21.05.13 0:10:53 OnTimer: 21.05.2013 0:01:46; ReloadOut;97;13;squat
21.05.13 0:10:53 0:01:46
21.05.13 0:10:58 select * from GET_CMD(0, 3,'21.5.2013  0:0:0.0' )
21.05.13 0:10:58 OnTimer: 21.05.2013 0:01:46; ReloadOut;97;13;squat
21.05.13 0:10:58 0:01:46
21.05.13 0:11:02 select * from GET_CMD(0, 3,'21.5.2013  0:0:0.0' )
21.05.13 0:11:02 OnTimer: 21.05.2013 0:01:46; ReloadOut;97;13;squat
21.05.13 0:11:02 0:01:46
21.05.13 0:11:07 select * from GET_CMD(0, 3,'21.5.2013  0:0:0.0' )
21.05.13 0:11:07 OnTimer: 21.05.2013 0:01:46; ReloadOut;97;13;squat
21.05.13 0:11:07 0:01:46
21.05.13 0:11:11 select * from GET_CMD(0, 3,'21.5.2013  0:0:0.0' )
21.05.13 0:11:11 OnTimer: 21.05.2013 0:01:46; ReloadOut;97;13;squat
21.05.13 0:11:11 0:01:46
21.05.13 0:11:16 select * from GET_CMD(0, 3,'21.5.2013  0:0:0.0' )
21.05.13 0:11:16 OnTimer: 21.05.2013 0:01:46; ReloadOut;97;13;squat
21.05.13 0:11:16 0:01:46
21.05.13 0:11:20 select * from GET_CMD(0, 3,'21.5.2013  0:0:0.0' )
21.05.13 0:11:20 OnTimer: 21.05.2013 0:01:46; ReloadOut;97;13;squat
21.05.13 0:11:20 0:01:46
21.05.13 0:11:25 select * from GET_CMD(0, 3,'21.5.2013  0:0:0.0' )
21.05.13 0:11:25 OnTimer: 21.05.2013 0:01:46; ReloadOut;97;13;squat
21.05.13 0:11:25 0:01:46
21.05.13 0:11:29 select * from GET_CMD(0, 3,'21.5.2013  0:0:0.0' )
21.05.13 0:11:29 OnTimer: 21.05.2013 0:01:46; ReloadOut;97;13;squat
21.05.13 0:11:29 0:01:46
21.05.13 0:11:34 select * from GET_CMD(0, 3,'21.5.2013  0:0:0.0' )
21.05.13 0:11:34 OnTimer: 21.05.2013 0:01:46; ReloadOut;97;13;squat
21.05.13 0:11:34 0:01:46
21.05.13 0:11:38 select * from GET_CMD(0, 3,'21.5.2013  0:0:0.0' )
21.05.13 0:11:38 OnTimer: 21.05.2013 0:01:46; ReloadOut;97;13;squat
21.05.13 0:11:38 0:01:46
21.05.13 0:11:43 select * from GET_CMD(0, 3,'21.5.2013  0:0:0.0' )
21.05.13 0:11:43 OnTimer: 21.05.2013 0:01:46; ReloadOut;97;13;squat
21.05.13 0:11:43 0:01:46
21.05.13 0:11:47 select * from GET_CMD(0, 3,'21.5.2013  0:0:0.0' )
21.05.13 0:11:47 OnTimer: 21.05.2013 0:01:46; ReloadOut;97;13;squat
21.05.13 0:11:47 0:01:46
21.05.13 0:11:52 select * from GET_CMD(0, 3,'21.5.2013  0:0:0.0' )
21.05.13 0:11:52 OnTimer: 21.05.2013 0:01:46; ReloadOut;97;13;squat
21.05.13 0:11:52 0:01:46
21.05.13 0:11:56 select * from GET_CMD(0, 3,'21.5.2013  0:0:0.0' )
21.05.13 0:11:56 OnTimer: 21.05.2013 0:01:46; ReloadOut;97;13;squat
21.05.13 0:11:56 0:01:46
21.05.13 0:12:01 select * from GET_CMD(0, 3,'21.5.2013  0:0:0.0' )
21.05.13 0:12:01 OnTimer: 21.05.2013 0:01:46; ReloadOut;97;13;squat
21.05.13 0:12:01 0:01:46
21.05.13 0:12:05 select * from GET_CMD(0, 3,'21.5.2013  0:0:0.0' )
21.05.13 0:12:05 OnTimer: 21.05.2013 0:01:46; ReloadOut;97;13;squat
21.05.13 0:12:05 0:01:46
21.05.13 0:12:10 select * from GET_CMD(0, 3,'21.5.2013  0:0:0.0' )
21.05.13 0:12:10 OnTimer: 21.05.2013 0:01:46; ReloadOut;97;13;squat
21.05.13 0:12:10 0:01:46
21.05.13 0:12:14 select * from GET_CMD(0, 3,'21.5.2013  0:0:0.0' )
21.05.13 0:12:14 OnTimer: 21.05.2013 0:01:46; ReloadOut;97;13;squat
21.05.13 0:12:14 0:01:46
21.05.13 0:12:19 select * from GET_CMD(0, 3,'21.5.2013  0:0:0.0' )
21.05.13 0:12:19 OnTimer: 21.05.2013 0:01:46; ReloadOut;97;13;squat
21.05.13 0:12:19 0:01:46
21.05.13 0:12:23 select * from GET_CMD(0, 3,'21.5.2013  0:0:0.0' )
21.05.13 0:12:23 OnTimer: 21.05.2013 0:01:46; ReloadOut;97;13;squat
21.05.13 0:12:23 0:01:46
21.05.13 0:12:28 select * from GET_CMD(0, 3,'21.5.2013  0:0:0.0' )
21.05.13 0:12:28 OnTimer: 21.05.2013 0:01:46; ReloadOut;97;13;squat
21.05.13 0:12:28 0:01:46
21.05.13 0:12:32 select * from GET_CMD(0, 3,'21.5.2013  0:0:0.0' )
21.05.13 0:12:32 OnTimer: 21.05.2013 0:01:46; ReloadOut;97;13;squat
21.05.13 0:12:32 0:01:46
21.05.13 0:12:37 select * from GET_CMD(0, 3,'21.5.2013  0:0:0.0' )
21.05.13 0:12:37 OnTimer: 21.05.2013 0:01:46; ReloadOut;97;13;squat
21.05.13 0:12:37 0:01:46
21.05.13 0:12:41 select * from GET_CMD(0, 3,'21.5.2013  0:0:0.0' )
21.05.13 0:12:41 OnTimer: 21.05.2013 0:01:46; ReloadOut;97;13;squat
21.05.13 0:12:41 0:01:46
21.05.13 0:12:46 select * from GET_CMD(0, 3,'21.5.2013  0:0:0.0' )
21.05.13 0:12:46 OnTimer: 21.05.2013 0:01:46; ReloadOut;97;13;squat
21.05.13 0:12:46 0:01:46
21.05.13 0:12:50 select * from GET_CMD(0, 3,'21.5.2013  0:0:0.0' )
21.05.13 0:12:50 OnTimer: 21.05.2013 0:01:46; ReloadOut;97;13;squat
21.05.13 0:12:50 0:01:46
21.05.13 0:12:55 select * from GET_CMD(0, 3,'21.5.2013  0:0:0.0' )
21.05.13 0:12:55 OnTimer: 21.05.2013 0:01:46; ReloadOut;97;13;squat
21.05.13 0:12:55 0:01:46
21.05.13 0:12:59 select * from GET_CMD(0, 3,'21.5.2013  0:0:0.0' )
21.05.13 0:12:59 OnTimer: 21.05.2013 0:01:46; ReloadOut;97;13;squat
21.05.13 0:12:59 0:01:46
21.05.13 0:13:04 select * from GET_CMD(0, 3,'21.5.2013  0:0:0.0' )
21.05.13 0:13:04 OnTimer: 21.05.2013 0:01:46; ReloadOut;97;13;squat
21.05.13 0:13:04 0:01:46
21.05.13 0:13:08 select * from GET_CMD(0, 3,'21.5.2013  0:0:0.0' )
21.05.13 0:13:08 OnTimer: 21.05.2013 0:01:46; ReloadOut;97;13;squat
21.05.13 0:13:08 0:01:46
21.05.13 0:13:13 select * from GET_CMD(0, 3,'21.5.2013  0:0:0.0' )
21.05.13 0:13:13 OnTimer: 21.05.2013 0:01:46; ReloadOut;97;13;squat
21.05.13 0:13:13 0:01:46
21.05.13 0:13:17 select * from GET_CMD(0, 3,'21.5.2013  0:0:0.0' )
21.05.13 0:13:17 OnTimer: 21.05.2013 0:01:46; ReloadOut;97;13;squat
21.05.13 0:13:17 0:01:46
21.05.13 0:13:22 select * from GET_CMD(0, 3,'21.5.2013  0:0:0.0' )
21.05.13 0:13:22 OnTimer: 21.05.2013 0:01:46; ReloadOut;97;13;squat
21.05.13 0:13:22 0:01:46
21.05.13 0:13:26 select * from GET_CMD(0, 3,'21.5.2013  0:0:0.0' )
21.05.13 0:13:26 OnTimer: 21.05.2013 0:01:46; ReloadOut;97;13;squat
21.05.13 0:13:26 0:01:46
21.05.13 0:13:31 select * from GET_CMD(0, 3,'21.5.2013  0:0:0.0' )
21.05.13 0:13:31 OnTimer: 21.05.2013 0:01:46; ReloadOut;97;13;squat
21.05.13 0:13:31 0:01:46
21.05.13 0:13:35 select * from GET_CMD(0, 3,'21.5.2013  0:0:0.0' )
21.05.13 0:13:35 OnTimer: 21.05.2013 0:01:46; ReloadOut;97;13;squat
21.05.13 0:13:35 0:01:46
21.05.13 0:13:40 select * from GET_CMD(0, 3,'21.5.2013  0:0:0.0' )
21.05.13 0:13:40 OnTimer: 21.05.2013 0:01:46; ReloadOut;97;13;squat
21.05.13 0:13:40 0:01:46
21.05.13 0:13:44 select * from GET_CMD(0, 3,'21.5.2013  0:0:0.0' )
21.05.13 0:13:44 OnTimer: 21.05.2013 0:01:46; ReloadOut;97;13;squat
21.05.13 0:13:44 0:01:46
21.05.13 0:13:49 select * from GET_CMD(0, 3,'21.5.2013  0:0:0.0' )
21.05.13 0:13:49 OnTimer: 21.05.2013 0:01:46; ReloadOut;97;13;squat
21.05.13 0:13:49 0:01:46
21.05.13 0:13:53 select * from GET_CMD(0, 3,'21.5.2013  0:0:0.0' )
21.05.13 0:13:53 OnTimer: 21.05.2013 0:01:46; ReloadOut;97;13;squat
21.05.13 0:13:53 0:01:46
21.05.13 0:13:58 select * from GET_CMD(0, 3,'21.5.2013  0:0:0.0' )
21.05.13 0:13:58 OnTimer: 21.05.2013 0:01:46; ReloadOut;97;13;squat
21.05.13 0:13:58 0:01:46
21.05.13 0:14:02 select * from GET_CMD(0, 3,'21.5.2013  0:0:0.0' )
21.05.13 0:14:02 OnTimer: 21.05.2013 0:01:46; ReloadOut;97;13;squat
21.05.13 0:14:02 0:01:46
21.05.13 0:14:07 select * from GET_CMD(0, 3,'21.5.2013  0:0:0.0' )
21.05.13 0:14:07 OnTimer: 21.05.2013 0:01:46; ReloadOut;97;13;squat
21.05.13 0:14:07 0:01:46
21.05.13 0:14:11 select * from GET_CMD(0, 3,'21.5.2013  0:0:0.0' )
21.05.13 0:14:11 OnTimer: 21.05.2013 0:01:46; ReloadOut;97;13;squat
21.05.13 0:14:11 0:01:46
21.05.13 0:14:16 select * from GET_CMD(0, 3,'21.5.2013  0:0:0.0' )
21.05.13 0:14:16 OnTimer: 21.05.2013 0:01:46; ReloadOut;97;13;squat
21.05.13 0:14:16 0:01:46
21.05.13 0:14:20 select * from GET_CMD(0, 3,'21.5.2013  0:0:0.0' )
21.05.13 0:14:20 OnTimer: 21.05.2013 0:01:46; ReloadOut;97;13;squat
21.05.13 0:14:20 0:01:46
21.05.13 0:14:25 select * from GET_CMD(0, 3,'21.5.2013  0:0:0.0' )
21.05.13 0:14:25 OnTimer: 21.05.2013 0:01:46; ReloadOut;97;13;squat
21.05.13 0:14:25 0:01:46
21.05.13 0:14:29 select * from GET_CMD(0, 3,'21.5.2013  0:0:0.0' )
21.05.13 0:14:29 OnTimer: 21.05.2013 0:01:46; ReloadOut;97;13;squat
21.05.13 0:14:29 0:01:46
21.05.13 0:14:34 select * from GET_CMD(0, 3,'21.5.2013  0:0:0.0' )
21.05.13 0:14:34 OnTimer: 21.05.2013 0:01:46; ReloadOut;97;13;squat
21.05.13 0:14:34 0:01:46
21.05.13 0:14:38 select * from GET_CMD(0, 3,'21.5.2013  0:0:0.0' )
21.05.13 0:14:38 OnTimer: 21.05.2013 0:01:46; ReloadOut;97;13;squat
21.05.13 0:14:38 0:01:46
21.05.13 0:14:43 select * from GET_CMD(0, 3,'21.5.2013  0:0:0.0' )
21.05.13 0:14:43 OnTimer: 21.05.2013 0:01:46; ReloadOut;97;13;squat
21.05.13 0:14:43 0:01:46
21.05.13 0:14:47 select * from GET_CMD(0, 3,'21.5.2013  0:0:0.0' )
21.05.13 0:14:47 OnTimer: 21.05.2013 0:01:46; ReloadOut;97;13;squat
21.05.13 0:14:47 0:01:46
21.05.13 0:14:52 select * from GET_CMD(0, 3,'21.5.2013  0:0:0.0' )
21.05.13 0:14:52 OnTimer: 21.05.2013 0:01:46; ReloadOut;97;13;squat
21.05.13 0:14:52 0:01:46
21.05.13 0:14:56 select * from GET_CMD(0, 3,'21.5.2013  0:0:0.0' )
21.05.13 0:14:56 OnTimer: 21.05.2013 0:01:46; ReloadOut;97;13;squat
21.05.13 0:14:56 0:01:46
21.05.13 0:15:01 select * from GET_CMD(0, 3,'21.5.2013  0:0:0.0' )
21.05.13 0:15:01 OnTimer: 21.05.2013 0:01:46; ReloadOut;97;13;squat
21.05.13 0:15:01 0:01:46
21.05.13 0:15:05 select * from GET_CMD(0, 3,'21.5.2013  0:0:0.0' )
21.05.13 0:15:05 OnTimer: 21.05.2013 0:01:46; ReloadOut;97;13;squat
21.05.13 0:15:05 0:01:46
21.05.13 0:15:10 select * from GET_CMD(0, 3,'21.5.2013  0:0:0.0' )
21.05.13 0:15:10 OnTimer: 21.05.2013 0:01:46; ReloadOut;97;13;squat
21.05.13 0:15:10 0:01:46
21.05.13 0:15:13 select * from GET_CMD(0, 3,'21.5.2013  0:0:0.0' )
21.05.13 0:15:13 OnTimer: 21.05.2013 0:01:46; ReloadOut;97;13;squat
21.05.13 0:15:13 0:01:46
21.05.13 0:15:16 select * from GET_CMD(0, 3,'21.5.2013  0:0:0.0' )
21.05.13 0:15:16 OnTimer: 21.05.2013 0:01:46; ReloadOut;97;13;squat
21.05.13 0:15:16 0:01:46
21.05.13 0:15:19 select * from GET_CMD(0, 3,'21.5.2013  0:0:0.0' )
21.05.13 0:15:19 OnTimer: 21.05.2013 0:01:46; ReloadOut;97;13;squat
21.05.13 0:15:19 0:01:46
21.05.13 0:15:22 select * from GET_CMD(0, 3,'21.5.2013  0:0:0.0' )
21.05.13 0:15:22 OnTimer: 21.05.2013 0:01:46; ReloadOut;97;13;squat
21.05.13 0:15:22 0:01:46
21.05.13 0:15:25 select * from GET_CMD(0, 3,'21.5.2013  0:0:0.0' )
21.05.13 0:15:25 OnTimer: 21.05.2013 0:01:46; ReloadOut;97;13;squat
21.05.13 0:15:25 0:01:46
21.05.13 0:15:28 select * from GET_CMD(0, 3,'21.5.2013  0:0:0.0' )
21.05.13 0:15:28 OnTimer: 21.05.2013 0:01:46; ReloadOut;97;13;squat
21.05.13 0:15:28 0:01:46
21.05.13 0:15:31 select * from GET_CMD(0, 3,'21.5.2013  0:0:0.0' )
21.05.13 0:15:31 OnTimer: 21.05.2013 0:01:46; ReloadOut;97;13;squat
21.05.13 0:15:31 0:01:46
21.05.13 0:15:34 select * from GET_CMD(0, 3,'21.5.2013  0:0:0.0' )
21.05.13 0:15:34 OnTimer: 21.05.2013 0:01:46; ReloadOut;97;13;squat
21.05.13 0:15:34 0:01:46
21.05.13 0:15:37 select * from GET_CMD(0, 3,'21.5.2013  0:0:0.0' )
21.05.13 0:15:37 OnTimer: 21.05.2013 0:01:46; ReloadOut;97;13;squat
21.05.13 0:15:37 0:01:46
21.05.13 0:15:40 select * from GET_CMD(0, 3,'21.5.2013  0:0:0.0' )
21.05.13 0:15:40 OnTimer: 21.05.2013 0:01:46; ReloadOut;97;13;squat
21.05.13 0:15:40 0:01:46
21.05.13 0:15:43 select * from GET_CMD(0, 3,'21.5.2013  0:0:0.0' )
21.05.13 0:15:43 OnTimer: 21.05.2013 0:01:46; ReloadOut;97;13;squat
21.05.13 0:15:43 0:01:46
21.05.13 0:15:46 select * from GET_CMD(0, 3,'21.5.2013  0:0:0.0' )
21.05.13 0:15:46 OnTimer: 21.05.2013 0:01:46; ReloadOut;97;13;squat
21.05.13 0:15:46 0:01:46
21.05.13 0:15:49 select * from GET_CMD(0, 3,'21.5.2013  0:0:0.0' )
21.05.13 0:15:49 OnTimer: 21.05.2013 0:01:46; ReloadOut;97;13;squat
21.05.13 0:15:49 0:01:46
21.05.13 0:15:52 select * from GET_CMD(0, 3,'21.5.2013  0:0:0.0' )
21.05.13 0:15:52 OnTimer: 21.05.2013 0:01:46; ReloadOut;97;13;squat
21.05.13 0:15:52 0:01:46
21.05.13 0:15:55 select * from GET_CMD(0, 3,'21.5.2013  0:0:0.0' )
21.05.13 0:15:55 OnTimer: 21.05.2013 0:01:46; ReloadOut;97;13;squat
21.05.13 0:15:55 0:01:46
21.05.13 0:15:58 select * from GET_CMD(0, 3,'21.5.2013  0:0:0.0' )
21.05.13 0:15:58 OnTimer: 21.05.2013 0:01:46; ReloadOut;97;13;squat
21.05.13 0:15:58 0:01:46
21.05.13 0:16:01 select * from GET_CMD(0, 3,'21.5.2013  0:0:0.0' )
21.05.13 0:16:01 OnTimer: 21.05.2013 0:01:46; ReloadOut;97;13;squat
21.05.13 0:16:01 0:01:46
21.05.13 0:16:04 select * from GET_CMD(0, 3,'21.5.2013  0:0:0.0' )
21.05.13 0:16:04 OnTimer: 21.05.2013 0:01:46; ReloadOut;97;13;squat
21.05.13 0:16:04 0:01:46
21.05.13 0:16:07 select * from GET_CMD(0, 3,'21.5.2013  0:0:0.0' )
21.05.13 0:16:07 OnTimer: 21.05.2013 0:01:46; ReloadOut;97;13;squat
21.05.13 0:16:07 0:01:46
21.05.13 0:16:10 select * from GET_CMD(0, 3,'21.5.2013  0:0:0.0' )
21.05.13 0:16:10 OnTimer: 21.05.2013 0:01:46; ReloadOut;97;13;squat
21.05.13 0:16:10 0:01:46
21.05.13 0:16:13 select * from GET_CMD(0, 3,'21.5.2013  0:0:0.0' )
21.05.13 0:16:13 OnTimer: 21.05.2013 0:01:46; ReloadOut;97;13;squat
21.05.13 0:16:13 0:01:46
21.05.13 0:16:16 select * from GET_CMD(0, 3,'21.5.2013  0:0:0.0' )
21.05.13 0:16:16 OnTimer: 21.05.2013 0:01:46; ReloadOut;97;13;squat
21.05.13 0:16:16 0:01:46
21.05.13 0:16:19 select * from GET_CMD(0, 3,'21.5.2013  0:0:0.0' )
21.05.13 0:16:19 OnTimer: 21.05.2013 0:01:46; ReloadOut;97;13;squat
21.05.13 0:16:19 0:01:46
21.05.13 0:16:22 select * from GET_CMD(0, 3,'21.5.2013  0:0:0.0' )
21.05.13 0:16:22 OnTimer: 21.05.2013 0:01:46; ReloadOut;97;13;squat
21.05.13 0:16:22 0:01:46
21.05.13 0:16:25 select * from GET_CMD(0, 3,'21.5.2013  0:0:0.0' )
21.05.13 0:16:25 OnTimer: 21.05.2013 0:01:46; ReloadOut;97;13;squat
21.05.13 0:16:25 0:01:46
21.05.13 0:16:28 select * from GET_CMD(0, 3,'21.5.2013  0:0:0.0' )
21.05.13 0:16:28 OnTimer: 21.05.2013 0:01:46; ReloadOut;97;13;squat
21.05.13 0:16:28 0:01:46
21.05.13 0:16:31 select * from GET_CMD(0, 3,'21.5.2013  0:0:0.0' )
21.05.13 0:16:31 OnTimer: 21.05.2013 0:01:46; ReloadOut;97;13;squat
21.05.13 0:16:31 0:01:46
21.05.13 0:16:34 select * from GET_CMD(0, 3,'21.5.2013  0:0:0.0' )
21.05.13 0:16:34 OnTimer: 21.05.2013 0:01:46; ReloadOut;97;13;squat
21.05.13 0:16:34 0:01:46
21.05.13 0:16:37 select * from GET_CMD(0, 3,'21.5.2013  0:0:0.0' )
21.05.13 0:16:37 OnTimer: 21.05.2013 0:01:46; ReloadOut;97;13;squat
21.05.13 0:16:37 0:01:46
21.05.13 0:16:40 select * from GET_CMD(0, 3,'21.5.2013  0:0:0.0' )
21.05.13 0:16:40 OnTimer: 21.05.2013 0:01:46; ReloadOut;97;13;squat
21.05.13 0:16:40 0:01:46
21.05.13 0:16:43 select * from GET_CMD(0, 3,'21.5.2013  0:0:0.0' )
21.05.13 0:16:43 OnTimer: 21.05.2013 0:01:46; ReloadOut;97;13;squat
21.05.13 0:16:43 0:01:46
21.05.13 0:16:46 select * from GET_CMD(0, 3,'21.5.2013  0:0:0.0' )
21.05.13 0:16:46 OnTimer: 21.05.2013 0:01:46; ReloadOut;97;13;squat
21.05.13 0:16:46 0:01:46
21.05.13 0:16:49 select * from GET_CMD(0, 3,'21.5.2013  0:0:0.0' )
21.05.13 0:16:49 OnTimer: 21.05.2013 0:01:46; ReloadOut;97;13;squat
21.05.13 0:16:49 0:01:46
21.05.13 0:16:52 select * from GET_CMD(0, 3,'21.5.2013  0:0:0.0' )
21.05.13 0:16:52 OnTimer: 21.05.2013 0:01:46; ReloadOut;97;13;squat
21.05.13 0:16:52 0:01:46
21.05.13 0:16:55 select * from GET_CMD(0, 3,'21.5.2013  0:0:0.0' )
21.05.13 0:16:55 OnTimer: 21.05.2013 0:01:46; ReloadOut;97;13;squat
21.05.13 0:16:55 0:01:46
21.05.13 0:16:58 select * from GET_CMD(0, 3,'21.5.2013  0:0:0.0' )
21.05.13 0:16:58 OnTimer: 21.05.2013 0:01:46; ReloadOut;97;13;squat
21.05.13 0:16:58 0:01:46
21.05.13 0:17:01 select * from GET_CMD(0, 3,'21.5.2013  0:0:0.0' )
21.05.13 0:17:01 OnTimer: 21.05.2013 0:01:46; ReloadOut;97;13;squat
21.05.13 0:17:01 0:01:46
21.05.13 0:17:04 select * from GET_CMD(0, 3,'21.5.2013  0:0:0.0' )
21.05.13 0:17:04 OnTimer: 21.05.2013 0:01:46; ReloadOut;97;13;squat
21.05.13 0:17:04 0:01:46
21.05.13 0:17:07 select * from GET_CMD(0, 3,'21.5.2013  0:0:0.0' )
21.05.13 0:17:07 OnTimer: 21.05.2013 0:01:46; ReloadOut;97;13;squat
21.05.13 0:17:07 0:01:46
21.05.13 0:17:10 select * from GET_CMD(0, 3,'21.5.2013  0:0:0.0' )
21.05.13 0:17:10 OnTimer: 21.05.2013 0:01:46; ReloadOut;97;13;squat
21.05.13 0:17:10 0:01:46
21.05.13 0:17:13 select * from GET_CMD(0, 3,'21.5.2013  0:0:0.0' )
21.05.13 0:17:13 OnTimer: 21.05.2013 0:01:46; ReloadOut;97;13;squat
21.05.13 0:17:13 0:01:46
21.05.13 0:17:16 select * from GET_CMD(0, 3,'21.5.2013  0:0:0.0' )
21.05.13 0:17:16 OnTimer: 21.05.2013 0:01:46; ReloadOut;97;13;squat
21.05.13 0:17:16 0:01:46
21.05.13 0:17:19 select * from GET_CMD(0, 3,'21.5.2013  0:0:0.0' )
21.05.13 0:17:19 OnTimer: 21.05.2013 0:01:46; ReloadOut;97;13;squat
21.05.13 0:17:19 0:01:46
21.05.13 0:17:22 select * from GET_CMD(0, 3,'21.5.2013  0:0:0.0' )
21.05.13 0:17:22 OnTimer: 21.05.2013 0:01:46; ReloadOut;97;13;squat
21.05.13 0:17:22 0:01:46
21.05.13 0:17:25 select * from GET_CMD(0, 3,'21.5.2013  0:0:0.0' )
21.05.13 0:17:25 OnTimer: 21.05.2013 0:01:46; ReloadOut;97;13;squat
21.05.13 0:17:25 0:01:46
21.05.13 0:17:28 select * from GET_CMD(0, 3,'21.5.2013  0:0:0.0' )
21.05.13 0:17:28 OnTimer: 21.05.2013 0:01:46; ReloadOut;97;13;squat
21.05.13 0:17:28 0:01:46
21.05.13 0:17:31 select * from GET_CMD(0, 3,'21.5.2013  0:0:0.0' )
21.05.13 0:17:31 OnTimer: 21.05.2013 0:01:46; ReloadOut;97;13;squat
21.05.13 0:17:31 0:01:46
21.05.13 0:17:34 select * from GET_CMD(0, 3,'21.5.2013  0:0:0.0' )
21.05.13 0:17:34 OnTimer: 21.05.2013 0:01:46; ReloadOut;97;13;squat
21.05.13 0:17:34 0:01:46
21.05.13 0:17:37 select * from GET_CMD(0, 3,'21.5.2013  0:0:0.0' )
21.05.13 0:17:37 OnTimer: 21.05.2013 0:01:46; ReloadOut;97;13;squat
21.05.13 0:17:37 0:01:46
21.05.13 0:17:40 select * from GET_CMD(0, 3,'21.5.2013  0:0:0.0' )
21.05.13 0:17:40 OnTimer: 21.05.2013 0:01:46; ReloadOut;97;13;squat
21.05.13 0:17:40 0:01:46
21.05.13 0:17:43 select * from GET_CMD(0, 3,'21.5.2013  0:0:0.0' )
21.05.13 0:17:43 OnTimer: 21.05.2013 0:01:46; ReloadOut;97;13;squat
21.05.13 0:17:43 0:01:46
21.05.13 0:17:46 select * from GET_CMD(0, 3,'21.5.2013  0:0:0.0' )
21.05.13 0:17:46 OnTimer: 21.05.2013 0:01:46; ReloadOut;97;13;squat
21.05.13 0:17:46 0:01:46
21.05.13 0:17:49 select * from GET_CMD(0, 3,'21.5.2013  0:0:0.0' )
21.05.13 0:17:49 OnTimer: 21.05.2013 0:01:46; ReloadOut;97;13;squat
21.05.13 0:17:49 0:01:46
21.05.13 0:17:52 select * from GET_CMD(0, 3,'21.5.2013  0:0:0.0' )
21.05.13 0:17:52 OnTimer: 21.05.2013 0:01:46; ReloadOut;97;13;squat
21.05.13 0:17:52 0:01:46
21.05.13 0:17:55 select * from GET_CMD(0, 3,'21.5.2013  0:0:0.0' )
21.05.13 0:17:55 OnTimer: 21.05.2013 0:01:46; ReloadOut;97;13;squat
21.05.13 0:17:55 0:01:46
21.05.13 0:17:58 select * from GET_CMD(0, 3,'21.5.2013  0:0:0.0' )
21.05.13 0:17:58 OnTimer: 21.05.2013 0:01:46; ReloadOut;97;13;squat
21.05.13 0:17:58 0:01:46
21.05.13 0:18:01 select * from GET_CMD(0, 3,'21.5.2013  0:0:0.0' )
21.05.13 0:18:01 OnTimer: 21.05.2013 0:01:46; ReloadOut;97;13;squat
21.05.13 0:18:01 0:01:46
21.05.13 0:18:04 select * from GET_CMD(0, 3,'21.5.2013  0:0:0.0' )
21.05.13 0:18:04 OnTimer: 21.05.2013 0:01:46; ReloadOut;97;13;squat
21.05.13 0:18:04 0:01:46
21.05.13 0:18:07 select * from GET_CMD(0, 3,'21.5.2013  0:0:0.0' )
21.05.13 0:18:07 OnTimer: 21.05.2013 0:01:46; ReloadOut;97;13;squat
21.05.13 0:18:07 0:01:46
21.05.13 0:18:10 select * from GET_CMD(0, 3,'21.5.2013  0:0:0.0' )
21.05.13 0:18:10 OnTimer: 21.05.2013 0:01:46; ReloadOut;97;13;squat
21.05.13 0:18:10 0:01:46
21.05.13 0:18:13 select * from GET_CMD(0, 3,'21.5.2013  0:0:0.0' )
21.05.13 0:18:13 OnTimer: 21.05.2013 0:01:46; ReloadOut;97;13;squat
21.05.13 0:18:13 0:01:46
21.05.13 0:18:17 select * from GET_CMD(0, 3,'21.5.2013  0:0:0.0' )
21.05.13 0:18:17 OnTimer: 21.05.2013 0:01:46; ReloadOut;97;13;squat
21.05.13 0:18:17 0:01:46
21.05.13 0:18:20 select * from GET_CMD(0, 3,'21.5.2013  0:0:0.0' )
21.05.13 0:18:20 OnTimer: 21.05.2013 0:01:46; ReloadOut;97;13;squat
21.05.13 0:18:20 0:01:46
21.05.13 0:18:23 select * from GET_CMD(0, 3,'21.5.2013  0:0:0.0' )
21.05.13 0:18:23 OnTimer: 21.05.2013 0:01:46; ReloadOut;97;13;squat
21.05.13 0:18:23 0:01:46
21.05.13 0:18:26 select * from GET_CMD(0, 3,'21.5.2013  0:0:0.0' )
21.05.13 0:18:26 OnTimer: 21.05.2013 0:01:46; ReloadOut;97;13;squat
21.05.13 0:18:26 0:01:46
21.05.13 0:18:29 select * from GET_CMD(0, 3,'21.5.2013  0:0:0.0' )
21.05.13 0:18:29 OnTimer: 21.05.2013 0:01:46; ReloadOut;97;13;squat
21.05.13 0:18:29 0:01:46
21.05.13 0:18:32 select * from GET_CMD(0, 3,'21.5.2013  0:0:0.0' )
21.05.13 0:18:32 OnTimer: 21.05.2013 0:01:46; ReloadOut;97;13;squat
21.05.13 0:18:32 0:01:46
21.05.13 0:18:35 select * from GET_CMD(0, 3,'21.5.2013  0:0:0.0' )
21.05.13 0:18:35 OnTimer: 21.05.2013 0:01:46; ReloadOut;97;13;squat
21.05.13 0:18:35 0:01:46
21.05.13 0:18:37 select * from GET_CMD(0, 3,'21.5.2013  0:0:0.0' )
21.05.13 0:18:37 OnTimer: 21.05.2013 0:01:46; ReloadOut;97;13;squat
21.05.13 0:18:37 0:01:46
21.05.13 0:18:40 select * from GET_CMD(0, 3,'21.5.2013  0:0:0.0' )
21.05.13 0:18:40 OnTimer: 21.05.2013 0:01:46; ReloadOut;97;13;squat
21.05.13 0:18:40 0:01:46
21.05.13 0:18:43 select * from GET_CMD(0, 3,'21.5.2013  0:0:0.0' )
21.05.13 0:18:43 OnTimer: 21.05.2013 0:01:46; ReloadOut;97;13;squat
21.05.13 0:18:43 0:01:46
21.05.13 0:18:46 select * from GET_CMD(0, 3,'21.5.2013  0:0:0.0' )
21.05.13 0:18:46 OnTimer: 21.05.2013 0:01:46; ReloadOut;97;13;squat
21.05.13 0:18:46 0:01:46
21.05.13 0:18:49 select * from GET_CMD(0, 3,'21.5.2013  0:0:0.0' )
21.05.13 0:18:49 OnTimer: 21.05.2013 0:01:46; ReloadOut;97;13;squat
21.05.13 0:18:49 0:01:46
21.05.13 0:18:52 select * from GET_CMD(0, 3,'21.5.2013  0:0:0.0' )
21.05.13 0:18:52 OnTimer: 21.05.2013 0:01:46; ReloadOut;97;13;squat
21.05.13 0:18:52 0:01:46
21.05.13 0:18:57 select * from GET_CMD(0, 3,'21.5.2013  0:0:0.0' )
21.05.13 0:18:57 OnTimer: 21.05.2013 0:01:46; ReloadOut;97;13;squat
21.05.13 0:18:57 0:01:46
21.05.13 0:18:58 select * from GET_CMD(0, 3,'21.5.2013  0:0:0.0' )
21.05.13 0:18:58 OnTimer: 21.05.2013 0:01:46; ReloadOut;97;13;squat
21.05.13 0:18:58 0:01:46
21.05.13 0:19:02 select * from GET_CMD(0, 3,'21.5.2013  0:0:0.0' )
21.05.13 0:19:02 OnTimer: 21.05.2013 0:01:46; ReloadOut;97;13;squat
21.05.13 0:19:02 0:01:46
21.05.13 0:19:04 select * from GET_CMD(0, 3,'21.5.2013  0:0:0.0' )
21.05.13 0:19:04 OnTimer: 21.05.2013 0:01:46; ReloadOut;97;13;squat
21.05.13 0:19:04 0:01:46
21.05.13 0:19:07 select * from GET_CMD(0, 3,'21.5.2013  0:0:0.0' )
21.05.13 0:19:07 OnTimer: 21.05.2013 0:01:46; ReloadOut;97;13;squat
21.05.13 0:19:07 0:01:46
21.05.13 0:19:10 select * from GET_CMD(0, 3,'21.5.2013  0:0:0.0' )
21.05.13 0:19:10 OnTimer: 21.05.2013 0:01:46; ReloadOut;97;13;squat
21.05.13 0:19:10 0:01:46
21.05.13 0:19:13 select * from GET_CMD(0, 3,'21.5.2013  0:0:0.0' )
21.05.13 0:19:13 OnTimer: 21.05.2013 0:01:46; ReloadOut;97;13;squat
21.05.13 0:19:13 0:01:46
21.05.13 0:19:16 select * from GET_CMD(0, 3,'21.5.2013  0:0:0.0' )
21.05.13 0:19:16 OnTimer: 21.05.2013 0:01:46; ReloadOut;97;13;squat
21.05.13 0:19:16 0:01:46
21.05.13 0:19:19 select * from GET_CMD(0, 3,'21.5.2013  0:0:0.0' )
21.05.13 0:19:19 OnTimer: 21.05.2013 0:01:46; ReloadOut;97;13;squat
21.05.13 0:19:19 0:01:46
21.05.13 0:19:22 select * from GET_CMD(0, 3,'21.5.2013  0:0:0.0' )
21.05.13 0:19:22 OnTimer: 21.05.2013 0:01:46; ReloadOut;97;13;squat
21.05.13 0:19:22 0:01:46
21.05.13 0:19:25 select * from GET_CMD(0, 3,'21.5.2013  0:0:0.0' )
21.05.13 0:19:25 OnTimer: 21.05.2013 0:01:46; ReloadOut;97;13;squat
21.05.13 0:19:25 0:01:46
21.05.13 0:19:28 select * from GET_CMD(0, 3,'21.5.2013  0:0:0.0' )
21.05.13 0:19:28 OnTimer: 21.05.2013 0:01:46; ReloadOut;97;13;squat
21.05.13 0:19:28 0:01:46
21.05.13 0:19:31 select * from GET_CMD(0, 3,'21.5.2013  0:0:0.0' )
21.05.13 0:19:31 OnTimer: 21.05.2013 0:01:46; ReloadOut;97;13;squat
21.05.13 0:19:31 0:01:46
21.05.13 0:19:34 select * from GET_CMD(0, 3,'21.5.2013  0:0:0.0' )
21.05.13 0:19:34 OnTimer: 21.05.2013 0:01:46; ReloadOut;97;13;squat
21.05.13 0:19:34 0:01:46
21.05.13 0:19:37 select * from GET_CMD(0, 3,'21.5.2013  0:0:0.0' )
21.05.13 0:19:37 OnTimer: 21.05.2013 0:01:46; ReloadOut;97;13;squat
21.05.13 0:19:37 0:01:46
21.05.13 0:19:40 select * from GET_CMD(0, 3,'21.5.2013  0:0:0.0' )
21.05.13 0:19:40 OnTimer: 21.05.2013 0:01:46; ReloadOut;97;13;squat
21.05.13 0:19:40 0:01:46
21.05.13 0:19:43 select * from GET_CMD(0, 3,'21.5.2013  0:0:0.0' )
21.05.13 0:19:43 OnTimer: 21.05.2013 0:01:46; ReloadOut;97;13;squat
21.05.13 0:19:43 0:01:46
21.05.13 0:19:46 select * from GET_CMD(0, 3,'21.5.2013  0:0:0.0' )
21.05.13 0:19:46 OnTimer: 21.05.2013 0:01:46; ReloadOut;97;13;squat
21.05.13 0:19:46 0:01:46
